<?xml version="1.0" encoding="UTF-8"?>
<!-- Generated by org.testng.reporters.JUnitXMLReporter -->
<testsuite ignored="0" hostname="LTIN-APLR1XFYF7604" failures="0" tests="2" name="Default test" time="26.343" errors="0" timestamp="2022-12-30T21:15:04 IST">
  <testcase classname="com.automationexercises.testCases.TC_homePageTest_001" name="homePageTest" time="12.032"/>
  <testcase classname="com.automationexercises.testCases.TC_contactUsTest_001" name="contactUsTest" time="8.209"/>
</testsuite> <!-- Default test -->
