<?xml version="1.0" encoding="UTF-8"?>
<!-- Generated by org.testng.reporters.JUnitXMLReporter -->
<testsuite ignored="0" hostname="LTIN-APLR1XFYF7604" failures="0" tests="2" name="Default test" time="59.17" errors="0" timestamp="2022-12-30T20:48:01 IST">
  <testcase classname="com.automationexercises.testCases.TC_homePageTest_001" name="homePageTest" time="15.997"/>
  <testcase classname="com.automationexercises.testCases.TC_productPageTest_001" name="productPageTest" time="37.186"/>
</testsuite> <!-- Default test -->
