<?xml version="1.0" encoding="UTF-8"?>
<!-- Generated by org.testng.reporters.JUnitXMLReporter -->
<testsuite ignored="0" hostname="LTIN-APLR1XFYF7604" failures="0" tests="4" name="Default test" time="43.29" errors="0" timestamp="2023-01-03T12:20:46 IST">
  <testcase classname="com.automationexercises.tests.ProductPageTest_002" name="homePageTest" time="9.513"/>
  <testcase classname="com.automationexercises.tests.ProductPageTest_002" name="clickProductValidation" time="7.373"/>
  <testcase classname="com.automationexercises.tests.ProductPageTest_002" name="searchedProductsValidation" time="10.194"/>
  <testcase classname="com.automationexercises.tests.ProductPageTest_002" name="cartValidation" time="10.141"/>
</testsuite> <!-- Default test -->
