<?xml version="1.0" encoding="UTF-8"?>
<testng-results ignored="2" total="12" passed="9" failed="1" skipped="0">
  <reporter-output>
    <line>
      <![CDATA[Contact Us Clicked]]>
    </line>
    <line>
      <![CDATA[Feedback Submit]]>
    </line>
    <line>
      <![CDATA[Alert on contact us page accepted]]>
    </line>
    <line>
      <![CDATA[Verify Success Message]]>
    </line>
    <line>
      <![CDATA[Home on nav clicked]]>
    </line>
    <line>
      <![CDATA[Homepage Verified]]>
    </line>
  </reporter-output>
  <suite started-at="2023-01-03T15:41:30 IST" name="Suite" finished-at="2023-01-03T15:42:07 IST" duration-ms="36626">
    <groups>
    </groups>
    <test started-at="2023-01-03T15:41:30 IST" name="Test1" finished-at="2023-01-03T15:42:07 IST" duration-ms="36626">
      <class name="com.automationexercises.tests.Setting">
        <test-method is-config="true" signature="set(java.lang.String)[pri:0, instance:com.automationexercises.tests.Setting@f5acb9d]" started-at="2023-01-03T15:41:30 IST" name="set" finished-at="2023-01-03T15:41:33 IST" duration-ms="2777" status="PASS">
          <params>
            <param index="0">
              <value>
                <![CDATA[firefox]]>
              </value>
            </param>
          </params>
          <reporter-output>
          </reporter-output>
        </test-method> <!-- set -->
        <test-method is-config="true" signature="afterClass()[pri:0, instance:com.automationexercises.tests.Setting@f5acb9d]" started-at="2023-01-03T15:42:07 IST" name="afterClass" finished-at="2023-01-03T15:42:07 IST" duration-ms="512" status="PASS">
          <reporter-output>
          </reporter-output>
        </test-method> <!-- afterClass -->
      </class> <!-- com.automationexercises.tests.Setting -->
      <class name="com.automationexercises.tests.ProductPageTest_002">
        <test-method signature="homePageTest()[pri:1, instance:com.automationexercises.tests.ProductPageTest_002@43dac38f]" started-at="2023-01-03T15:41:33 IST" name="homePageTest" finished-at="2023-01-03T15:41:46 IST" duration-ms="12641" status="PASS">
          <reporter-output>
          </reporter-output>
        </test-method> <!-- homePageTest -->
        <test-method signature="clickContactValidation()[pri:2, instance:com.automationexercises.tests.ProductPageTest_002@43dac38f]" started-at="2023-01-03T15:41:46 IST" name="clickContactValidation" finished-at="2023-01-03T15:41:49 IST" duration-ms="3430" status="PASS">
          <reporter-output>
            <line>
              <![CDATA[Contact Us Clicked]]>
            </line>
          </reporter-output>
        </test-method> <!-- clickContactValidation -->
        <test-method signature="fillContactUsForm()[pri:3, instance:com.automationexercises.tests.ProductPageTest_002@43dac38f]" started-at="2023-01-03T15:41:49 IST" name="fillContactUsForm" finished-at="2023-01-03T15:41:49 IST" duration-ms="115" status="PASS">
          <reporter-output>
          </reporter-output>
        </test-method> <!-- fillContactUsForm -->
        <test-method signature="submitContactUsForm()[pri:4, instance:com.automationexercises.tests.ProductPageTest_002@43dac38f]" started-at="2023-01-03T15:41:49 IST" name="submitContactUsForm" finished-at="2023-01-03T15:41:50 IST" duration-ms="100" status="PASS">
          <reporter-output>
            <line>
              <![CDATA[Feedback Submit]]>
            </line>
          </reporter-output>
        </test-method> <!-- submitContactUsForm -->
        <test-method signature="contactAlertValidation()[pri:5, instance:com.automationexercises.tests.ProductPageTest_002@43dac38f]" started-at="2023-01-03T15:41:50 IST" name="contactAlertValidation" finished-at="2023-01-03T15:41:50 IST" duration-ms="151" status="PASS">
          <reporter-output>
            <line>
              <![CDATA[Alert on contact us page accepted]]>
            </line>
            <line>
              <![CDATA[Verify Success Message]]>
            </line>
          </reporter-output>
        </test-method> <!-- contactAlertValidation -->
        <test-method signature="goBackHomeValidation()[pri:6, instance:com.automationexercises.tests.ProductPageTest_002@43dac38f]" started-at="2023-01-03T15:41:50 IST" name="goBackHomeValidation" finished-at="2023-01-03T15:41:50 IST" duration-ms="118" status="PASS">
          <reporter-output>
            <line>
              <![CDATA[Home on nav clicked]]>
            </line>
            <line>
              <![CDATA[Homepage Verified]]>
            </line>
          </reporter-output>
        </test-method> <!-- goBackHomeValidation -->
        <test-method signature="homePage()[pri:7, instance:com.automationexercises.tests.ProductPageTest_002@43dac38f]" started-at="2023-01-03T15:41:50 IST" name="homePage" finished-at="2023-01-03T15:41:55 IST" duration-ms="5438" status="PASS">
          <reporter-output>
          </reporter-output>
        </test-method> <!-- homePage -->
        <test-method signature="clickProductValidation()[pri:8, instance:com.automationexercises.tests.ProductPageTest_002@43dac38f]" started-at="2023-01-03T15:41:55 IST" name="clickProductValidation" finished-at="2023-01-03T15:42:02 IST" duration-ms="7237" status="PASS">
          <reporter-output>
          </reporter-output>
        </test-method> <!-- clickProductValidation -->
        <test-method signature="searchedProductsValidation()[pri:9, instance:com.automationexercises.tests.ProductPageTest_002@43dac38f]" started-at="2023-01-03T15:42:02 IST" name="searchedProductsValidation" finished-at="2023-01-03T15:42:06 IST" duration-ms="3761" status="PASS">
          <reporter-output>
          </reporter-output>
        </test-method> <!-- searchedProductsValidation -->
        <test-method signature="cartValidation()[pri:10, instance:com.automationexercises.tests.ProductPageTest_002@43dac38f]" started-at="2023-01-03T15:42:06 IST" name="cartValidation" finished-at="2023-01-03T15:42:07 IST" duration-ms="318" status="FAIL">
          <exception class="org.openqa.selenium.ElementNotInteractableException">
            <message>
              <![CDATA[Element <button class="btn btn-success close-modal btn-block"> could not be scrolled into view
Build info: version: '4.4.0', revision: 'e5c75ed026a'
System info: host: 'LTIN-APLR1XFYF7604', ip: 'fe80:0:0:0:c57:f62a:407a:1791%en0', os.name: 'Mac OS X', os.arch: 'aarch64', os.version: '13.1', java.version: '17.0.1'
Driver info: org.openqa.selenium.firefox.FirefoxDriver
Command: [19740ce5-b7e8-42dd-a792-31c072c73dc9, clickElement {id=5a43a6fe-323c-4f98-9875-a42e923edc55}]
Capabilities {acceptInsecureCerts: true, browserName: firefox, browserVersion: 108.0, moz:accessibilityChecks: false, moz:buildID: 20221208122842, moz:debuggerAddress: 127.0.0.1:52177, moz:geckodriverVersion: 0.32.0, moz:headless: false, moz:platformVersion: 22.2.0, moz:processID: 6900, moz:profile: /var/folders/2b/v2dcyxc96xd..., moz:shutdownTimeout: 60000, moz:useNonSpecCompliantPointerOrigin: false, moz:webdriverClick: true, moz:windowless: false, pageLoadStrategy: normal, platformName: MAC, proxy: Proxy(), se:cdp: ws://127.0.0.1:52177/devtoo..., se:cdpVersion: 85.0, setWindowRect: true, strictFileInteractability: false, timeouts: {implicit: 0, pageLoad: 300000, script: 30000}, unhandledPromptBehavior: dismiss and notify}
Element: [[FirefoxDriver: firefox on MAC (19740ce5-b7e8-42dd-a792-31c072c73dc9)] -> css selector: button.btn:nth-child(1)]
Session ID: 19740ce5-b7e8-42dd-a792-31c072c73dc9]]>
            </message>
            <full-stacktrace>
              <![CDATA[org.openqa.selenium.ElementNotInteractableException: Element <button class="btn btn-success close-modal btn-block"> could not be scrolled into view
Build info: version: '4.4.0', revision: 'e5c75ed026a'
System info: host: 'LTIN-APLR1XFYF7604', ip: 'fe80:0:0:0:c57:f62a:407a:1791%en0', os.name: 'Mac OS X', os.arch: 'aarch64', os.version: '13.1', java.version: '17.0.1'
Driver info: org.openqa.selenium.firefox.FirefoxDriver
Command: [19740ce5-b7e8-42dd-a792-31c072c73dc9, clickElement {id=5a43a6fe-323c-4f98-9875-a42e923edc55}]
Capabilities {acceptInsecureCerts: true, browserName: firefox, browserVersion: 108.0, moz:accessibilityChecks: false, moz:buildID: 20221208122842, moz:debuggerAddress: 127.0.0.1:52177, moz:geckodriverVersion: 0.32.0, moz:headless: false, moz:platformVersion: 22.2.0, moz:processID: 6900, moz:profile: /var/folders/2b/v2dcyxc96xd..., moz:shutdownTimeout: 60000, moz:useNonSpecCompliantPointerOrigin: false, moz:webdriverClick: true, moz:windowless: false, pageLoadStrategy: normal, platformName: MAC, proxy: Proxy(), se:cdp: ws://127.0.0.1:52177/devtoo..., se:cdpVersion: 85.0, setWindowRect: true, strictFileInteractability: false, timeouts: {implicit: 0, pageLoad: 300000, script: 30000}, unhandledPromptBehavior: dismiss and notify}
Element: [[FirefoxDriver: firefox on MAC (19740ce5-b7e8-42dd-a792-31c072c73dc9)] -> css selector: button.btn:nth-child(1)]
Session ID: 19740ce5-b7e8-42dd-a792-31c072c73dc9
at java.base/jdk.internal.reflect.NativeConstructorAccessorImpl.newInstance0(Native Method)
at java.base/jdk.internal.reflect.NativeConstructorAccessorImpl.newInstance(NativeConstructorAccessorImpl.java:77)
at java.base/jdk.internal.reflect.DelegatingConstructorAccessorImpl.newInstance(DelegatingConstructorAccessorImpl.java:45)
at java.base/java.lang.reflect.Constructor.newInstanceWithCaller(Constructor.java:499)
at java.base/java.lang.reflect.Constructor.newInstance(Constructor.java:480)
at org.openqa.selenium.remote.codec.w3c.W3CHttpResponseCodec.createException(W3CHttpResponseCodec.java:200)
at org.openqa.selenium.remote.codec.w3c.W3CHttpResponseCodec.decode(W3CHttpResponseCodec.java:133)
at org.openqa.selenium.remote.codec.w3c.W3CHttpResponseCodec.decode(W3CHttpResponseCodec.java:53)
at org.openqa.selenium.remote.HttpCommandExecutor.execute(HttpCommandExecutor.java:184)
at org.openqa.selenium.remote.service.DriverCommandExecutor.invokeExecute(DriverCommandExecutor.java:167)
at org.openqa.selenium.remote.service.DriverCommandExecutor.execute(DriverCommandExecutor.java:142)
at org.openqa.selenium.remote.RemoteWebDriver.execute(RemoteWebDriver.java:547)
at org.openqa.selenium.remote.RemoteWebElement.execute(RemoteWebElement.java:257)
at org.openqa.selenium.remote.RemoteWebElement.click(RemoteWebElement.java:78)
at java.base/jdk.internal.reflect.NativeMethodAccessorImpl.invoke0(Native Method)
at java.base/jdk.internal.reflect.NativeMethodAccessorImpl.invoke(NativeMethodAccessorImpl.java:77)
at java.base/jdk.internal.reflect.DelegatingMethodAccessorImpl.invoke(DelegatingMethodAccessorImpl.java:43)
at java.base/java.lang.reflect.Method.invoke(Method.java:568)
at org.openqa.selenium.support.pagefactory.internal.LocatingElementHandler.invoke(LocatingElementHandler.java:52)
at jdk.proxy2/jdk.proxy2.$Proxy18.click(Unknown Source)
at com.automationexercises.pageObjects.ProductPage.handleCartModal(ProductPage.java:175)
at com.automationexercises.tests.ProductPageTest_002.cartValidation(ProductPageTest_002.java:50)
at java.base/jdk.internal.reflect.NativeMethodAccessorImpl.invoke0(Native Method)
at java.base/jdk.internal.reflect.NativeMethodAccessorImpl.invoke(NativeMethodAccessorImpl.java:77)
at java.base/jdk.internal.reflect.DelegatingMethodAccessorImpl.invoke(DelegatingMethodAccessorImpl.java:43)
at java.base/java.lang.reflect.Method.invoke(Method.java:568)
at org.testng.internal.MethodInvocationHelper.invokeMethod(MethodInvocationHelper.java:133)
at org.testng.internal.TestInvoker.invokeMethod(TestInvoker.java:598)
at org.testng.internal.TestInvoker.invokeTestMethod(TestInvoker.java:173)
at org.testng.internal.MethodRunner.runInSequence(MethodRunner.java:46)
at org.testng.internal.TestInvoker$MethodInvocationAgent.invoke(TestInvoker.java:824)
at org.testng.internal.TestInvoker.invokeTestMethods(TestInvoker.java:146)
at org.testng.internal.TestMethodWorker.invokeTestMethods(TestMethodWorker.java:146)
at org.testng.internal.TestMethodWorker.run(TestMethodWorker.java:128)
at java.base/java.util.ArrayList.forEach(ArrayList.java:1511)
at org.testng.TestRunner.privateRun(TestRunner.java:794)
at org.testng.TestRunner.run(TestRunner.java:596)
at org.testng.SuiteRunner.runTest(SuiteRunner.java:377)
at org.testng.SuiteRunner.runSequentially(SuiteRunner.java:371)
at org.testng.SuiteRunner.privateRun(SuiteRunner.java:332)
at org.testng.SuiteRunner.run(SuiteRunner.java:276)
at org.testng.SuiteRunnerWorker.runSuite(SuiteRunnerWorker.java:53)
at org.testng.SuiteRunnerWorker.run(SuiteRunnerWorker.java:96)
at org.testng.TestNG.runSuitesSequentially(TestNG.java:1212)
at org.testng.TestNG.runSuitesLocally(TestNG.java:1134)
at org.testng.TestNG.runSuites(TestNG.java:1063)
at org.testng.TestNG.run(TestNG.java:1031)
at org.testng.remote.AbstractRemoteTestNG.run(AbstractRemoteTestNG.java:115)
at org.testng.remote.RemoteTestNG.initAndRun(RemoteTestNG.java:251)
at org.testng.remote.RemoteTestNG.main(RemoteTestNG.java:77)
]]>
            </full-stacktrace>
          </exception> <!-- org.openqa.selenium.ElementNotInteractableException -->
          <reporter-output>
          </reporter-output>
        </test-method> <!-- cartValidation -->
      </class> <!-- com.automationexercises.tests.ProductPageTest_002 -->
    </test> <!-- Test1 -->
  </suite> <!-- Suite -->
</testng-results>
